<?xml version="1.0" encoding="UTF-8"?>
<!-- Generated by org.testng.reporters.JUnitXMLReporter -->
<testsuite ignored="0" hostname="DESKTOP-FLIP56Q" failures="0" tests="6" name="Test" time="0.03" errors="0" timestamp="2021-07-11T01:02:34 IST">
  <testcase classname="Closebrothersproject.Mavenjava.SeleniumTest" name="printfourth" time="0.002"/>
  <testcase classname="Closebrothersproject.Mavenjava.SeleniumTest" name="printthird" time="0.0"/>
  <testcase classname="Closebrothersproject.Mavenjava.AppiumTest" name="printfirst" time="0.0"/>
  <testcase classname="Closebrothersproject.Mavenjava.AppiumTest" name="printsecond" time="0.0"/>
  <testcase classname="Closebrothersproject.Mavenjava.APITest" name="printfifth" time="0.0"/>
  <testcase classname="Closebrothersproject.Mavenjava.APITest" name="printsixth" time="0.0"/>
</testsuite> <!-- Test -->
