<?xml version="1.0" encoding="UTF-8"?>
<testsuite xmlns:xsi="http://www.w3.org/2001/XMLSchema-instance" xsi:noNamespaceSchemaLocation="https://maven.apache.org/surefire/maven-surefire-plugin/xsd/surefire-test-report-3.0.xsd" version="3.0" name="TestSuite" time="0.383" tests="6" errors="0" skipped="0" failures="0">
  <properties>
[...]
</properties>
  <testcase name="printfourth" classname="Closebrothersproject.Mavenjava.SeleniumTest" time="0.004">
    <system-out><![CDATA[getting fourth program
]]></system-out>
  </testcase>
  <testcase name="printthird" classname="Closebrothersproject.Mavenjava.SeleniumTest" time="0.001">
    <system-out><![CDATA[getting third program
]]></system-out>
  </testcase>
  <testcase name="printfirst" classname="Closebrothersproject.Mavenjava.AppiumTest" time="0.001">
    <system-out><![CDATA[Getting first program
]]></system-out>
  </testcase>
  <testcase name="printsecond" classname="Closebrothersproject.Mavenjava.AppiumTest" time="0.001">
    <system-out><![CDATA[Getting second program
]]></system-out>
  </testcase>
  <testcase name="printfifth" classname="Closebrothersproject.Mavenjava.APITest" time="0.001">
    <system-out><![CDATA[getting fifth program
]]></system-out>
  </testcase>
  <testcase name="printsixth" classname="Closebrothersproject.Mavenjava.APITest" time="0.001">
    <system-out><![CDATA[getting sixth program
]]></system-out>
  </testcase>
</testsuite>